<?xml version="1.0" encoding="UTF-8"?>
<!-- Generated by org.testng.reporters.JUnitReportReporter -->
<testsuite hostname="DESKTOP-NQN5Q3S" failures="0" tests="1" name="googlesearch.GoogleSearchClass" time="1.404" errors="0" timestamp="2022-01-19T08:51:37 IST" skipped="0">
  <testcase classname="googlesearch.GoogleSearchClass" name="homepage_keysenter" time="1.404"/>
  <system-out/>
</testsuite> <!-- googlesearch.GoogleSearchClass -->
