<?xml version="1.0" encoding="UTF-8"?>
<!-- Generated by org.testng.reporters.JUnitReportReporter -->
<testsuite hostname="DESKTOP-8KFKMLI" failures="0" tests="5" name="smokeflow.BillCancel" time="81.071" errors="0" timestamp="2021-11-28T11:12:16 IST" skipped="0">
  <testcase classname="smokeflow.BillCancel" name="Login" time="32.132"/>
  <system-out/>
  <testcase classname="smokeflow.BillCancel" name="Customer_Selection" time="12.167"/>
  <system-out/>
  <testcase classname="smokeflow.BillCancel" name="ItemSelection" time="7.661"/>
  <system-out/>
  <testcase classname="smokeflow.BillCancel" name="PaymentType" time="15.945"/>
  <system-out/>
  <testcase classname="smokeflow.BillCancel" name="BillCancel" time="13.166"/>
  <system-out/>
</testsuite> <!-- smokeflow.BillCancel -->
