<?xml version="1.0" encoding="UTF-8"?>
<!-- Generated by org.testng.reporters.JUnitReportReporter -->
<testsuite hostname="DESKTOP-8KFKMLI" failures="0" tests="5" name="smokeflow.CashWrapSmokeFlow" time="57.728" errors="0" timestamp="2021-11-28T07:51:35 IST" skipped="0">
  <testcase classname="smokeflow.CashWrapSmokeFlow" name="Login" time="10.390"/>
  <system-out/>
  <testcase classname="smokeflow.CashWrapSmokeFlow" name="Customer_Selection" time="11.284"/>
  <system-out/>
  <testcase classname="smokeflow.CashWrapSmokeFlow" name="ItemSelection" time="5.513"/>
  <system-out/>
  <testcase classname="smokeflow.CashWrapSmokeFlow" name="ItemSelection" time="9.104"/>
  <system-out/>
  <testcase classname="smokeflow.CashWrapSmokeFlow" name="PaymentType" time="21.437"/>
  <system-out/>
</testsuite> <!-- smokeflow.CashWrapSmokeFlow -->
